# JRE version: OpenJDK Runtime Environment (21.0.7) (build 21.0.7+-13880790-b1038.58)
# Java VM: OpenJDK 64-Bit Server VM (21.0.7+-13880790-b1038.58, mixed mode, tiered, compressed oops, compressed class ptrs, g1 gc, windows-amd64)
GC Precious Log:
 CardTable entry size: 512
 Card Set container configuration: InlinePtr #cards 5 size 8 Array Of Cards #cards 12 size 40 Howl #buckets 4 coarsen threshold 1843 Howl Bitmap #cards 512 size 80 coarsen threshold 460 Card regions per heap region 1 cards per card region 2048
 CPUs: 8 total, 8 available
 Memory: 16201M
 Large Page Support: Disabled
 NUMA Support: Disabled
 Compressed Oops: Enabled (32-bit)
 Heap Region Size: 1M
 Heap Min Capacity: 8M
 Heap Initial Capacity: 254M
 Heap Max Capacity: 2G
 Pre-touch: Disabled
 Parallel Workers: 8
 Concurrent Workers: 2
 Concurrent Refinement Workers: 8
 Periodic GC: Disabled
Heap:
 garbage-first heap   total 155648K, used 124387K [0x0000000080000000, 0x0000000100000000)
  region size 1024K, 35 young (35840K), 4 survivors (4096K)
 Metaspace       used 100618K, committed 102656K, reserved 1179648K
  class space    used 13794K, committed 14784K, reserved 1048576K
GC Heap History (20 events):
Event: 16.090 GC heap before
{Heap before GC invocations=27 (full 0):
 garbage-first heap   total 103424K, used 57470K [0x0000000080000000, 0x0000000100000000)
  region size 1024K, 9 young (9216K), 6 survivors (6144K)
 Metaspace       used 73047K, committed 74816K, reserved 1114112K
  class space    used 10068K, committed 10944K, reserved 1048576K
}
Event: 16.098 GC heap after
{Heap after GC invocations=28 (full 0):
 garbage-first heap   total 103424K, used 55956K [0x0000000080000000, 0x0000000100000000)
  region size 1024K, 1 young (1024K), 1 survivors (1024K)
 Metaspace       used 73047K, committed 74816K, reserved 1114112K
  class space    used 10068K, committed 10944K, reserved 1048576K
}
Event: 16.857 GC heap before
{Heap before GC invocations=29 (full 0):
 garbage-first heap   total 103424K, used 102036K [0x0000000080000000, 0x0000000100000000)
  region size 1024K, 36 young (36864K), 1 survivors (1024K)
 Metaspace       used 74248K, committed 76032K, reserved 1114112K
  class space    used 10196K, committed 11072K, reserved 1048576K
}
Event: 16.863 GC heap after
{Heap after GC invocations=30 (full 0):
 garbage-first heap   total 112640K, used 74302K [0x0000000080000000, 0x0000000100000000)
  region size 1024K, 5 young (5120K), 5 survivors (5120K)
 Metaspace       used 74248K, committed 76032K, reserved 1114112K
  class space    used 10196K, committed 11072K, reserved 1048576K
}
Event: 17.343 GC heap before
{Heap before GC invocations=30 (full 0):
 garbage-first heap   total 112640K, used 100926K [0x0000000080000000, 0x0000000100000000)
  region size 1024K, 31 young (31744K), 5 survivors (5120K)
 Metaspace       used 76588K, committed 78336K, reserved 1179648K
  class space    used 10495K, committed 11392K, reserved 1048576K
}
Event: 17.349 GC heap after
{Heap after GC invocations=31 (full 0):
 garbage-first heap   total 112640K, used 75087K [0x0000000080000000, 0x0000000100000000)
  region size 1024K, 2 young (2048K), 2 survivors (2048K)
 Metaspace       used 76588K, committed 78336K, reserved 1179648K
  class space    used 10495K, committed 11392K, reserved 1048576K
}
Event: 17.864 GC heap before
{Heap before GC invocations=31 (full 0):
 garbage-first heap   total 112640K, used 101711K [0x0000000080000000, 0x0000000100000000)
  region size 1024K, 29 young (29696K), 2 survivors (2048K)
 Metaspace       used 79515K, committed 81344K, reserved 1179648K
  class space    used 10820K, committed 11712K, reserved 1048576K
}
Event: 17.869 GC heap after
{Heap after GC invocations=32 (full 0):
 garbage-first heap   total 112640K, used 75523K [0x0000000080000000, 0x0000000100000000)
  region size 1024K, 2 young (2048K), 2 survivors (2048K)
 Metaspace       used 79515K, committed 81344K, reserved 1179648K
  class space    used 10820K, committed 11712K, reserved 1048576K
}
Event: 18.572 GC heap before
{Heap before GC invocations=33 (full 0):
 garbage-first heap   total 128000K, used 102147K [0x0000000080000000, 0x0000000100000000)
  region size 1024K, 28 young (28672K), 2 survivors (2048K)
 Metaspace       used 82836K, committed 84736K, reserved 1179648K
  class space    used 11325K, committed 12288K, reserved 1048576K
}
Event: 18.578 GC heap after
{Heap after GC invocations=34 (full 0):
 garbage-first heap   total 128000K, used 78726K [0x0000000080000000, 0x0000000100000000)
  region size 1024K, 4 young (4096K), 4 survivors (4096K)
 Metaspace       used 82836K, committed 84736K, reserved 1179648K
  class space    used 11325K, committed 12288K, reserved 1048576K
}
Event: 19.135 GC heap before
{Heap before GC invocations=34 (full 0):
 garbage-first heap   total 128000K, used 117638K [0x0000000080000000, 0x0000000100000000)
  region size 1024K, 39 young (39936K), 4 survivors (4096K)
 Metaspace       used 84826K, committed 86848K, reserved 1179648K
  class space    used 11602K, committed 12608K, reserved 1048576K
}
Event: 19.143 GC heap after
{Heap after GC invocations=35 (full 0):
 garbage-first heap   total 128000K, used 81205K [0x0000000080000000, 0x0000000100000000)
  region size 1024K, 5 young (5120K), 5 survivors (5120K)
 Metaspace       used 84826K, committed 86848K, reserved 1179648K
  class space    used 11602K, committed 12608K, reserved 1048576K
}
Event: 19.697 GC heap before
{Heap before GC invocations=35 (full 0):
 garbage-first heap   total 128000K, used 114997K [0x0000000080000000, 0x0000000100000000)
  region size 1024K, 38 young (38912K), 5 survivors (5120K)
 Metaspace       used 87400K, committed 89344K, reserved 1179648K
  class space    used 11917K, committed 12864K, reserved 1048576K
}
Event: 19.704 GC heap after
{Heap after GC invocations=36 (full 0):
 garbage-first heap   total 153600K, used 83858K [0x0000000080000000, 0x0000000100000000)
  region size 1024K, 3 young (3072K), 3 survivors (3072K)
 Metaspace       used 87400K, committed 89344K, reserved 1179648K
  class space    used 11917K, committed 12864K, reserved 1048576K
}
Event: 20.642 GC heap before
{Heap before GC invocations=37 (full 0):
 garbage-first heap   total 153600K, used 134034K [0x0000000080000000, 0x0000000100000000)
  region size 1024K, 52 young (53248K), 3 survivors (3072K)
 Metaspace       used 92591K, committed 94592K, reserved 1179648K
  class space    used 12600K, committed 13568K, reserved 1048576K
}
Event: 20.648 GC heap after
{Heap after GC invocations=38 (full 0):
 garbage-first heap   total 153600K, used 85867K [0x0000000080000000, 0x0000000100000000)
  region size 1024K, 5 young (5120K), 5 survivors (5120K)
 Metaspace       used 92591K, committed 94592K, reserved 1179648K
  class space    used 12600K, committed 13568K, reserved 1048576K
}
Event: 21.408 GC heap before
{Heap before GC invocations=38 (full 0):
 garbage-first heap   total 153600K, used 136043K [0x0000000080000000, 0x0000000100000000)
  region size 1024K, 54 young (55296K), 5 survivors (5120K)
 Metaspace       used 95296K, committed 97280K, reserved 1179648K
  class space    used 12998K, committed 13952K, reserved 1048576K
}
Event: 21.417 GC heap after
{Heap after GC invocations=39 (full 0):
 garbage-first heap   total 153600K, used 90108K [0x0000000080000000, 0x0000000100000000)
  region size 1024K, 7 young (7168K), 7 survivors (7168K)
 Metaspace       used 95296K, committed 97280K, reserved 1179648K
  class space    used 12998K, committed 13952K, reserved 1048576K
}
Event: 22.224 GC heap before
{Heap before GC invocations=39 (full 0):
 garbage-first heap   total 153600K, used 138236K [0x0000000080000000, 0x0000000100000000)
  region size 1024K, 54 young (55296K), 7 survivors (7168K)
 Metaspace       used 98216K, committed 100224K, reserved 1179648K
  class space    used 13400K, committed 14400K, reserved 1048576K
}
Event: 22.233 GC heap after
{Heap after GC invocations=40 (full 0):
 garbage-first heap   total 153600K, used 92643K [0x0000000080000000, 0x0000000100000000)
  region size 1024K, 4 young (4096K), 4 survivors (4096K)
 Metaspace       used 98216K, committed 100224K, reserved 1179648K
  class space    used 13400K, committed 14400K, reserved 1048576K
}

